[21-Jul-2017 14:13:09 UTC] PHP Notice:  Undefined variable: upgrade_count in /var/www/vhosts/people1stintranet.co.uk/httpdocs/wp-content/plugins/sp-client-document-manager/classes/install.php on line 97
[21-Jul-2017 14:13:09 UTC] PHP Notice:  Undefined index: database_upgrade in /var/www/vhosts/people1stintranet.co.uk/httpdocs/wp-content/plugins/sp-client-document-manager/classes/install.php on line 118
[21-Jul-2017 14:13:09 UTC] PHP Notice:  Undefined variable: updated in /var/www/vhosts/people1stintranet.co.uk/httpdocs/wp-content/plugins/sp-client-document-manager/classes/install.php on line 126
[21-Jul-2017 14:13:10 UTC] PHP Notice:  Undefined variable: html in /var/www/vhosts/people1stintranet.co.uk/httpdocs/wp-content/plugins/sp-client-document-manager/classes/uploader.php on line 113
[21-Jul-2017 14:13:10 UTC] PHP Notice:  Undefined index: page in /var/www/vhosts/people1stintranet.co.uk/httpdocs/wp-content/plugins/sp-client-document-manager/shortcode.php on line 565
[21-Jul-2017 14:13:10 UTC] PHP Notice:  Undefined index: dlg-delete-file in /var/www/vhosts/people1stintranet.co.uk/httpdocs/wp-content/plugins/sp-client-document-manager/shortcode.php on line 569
[21-Jul-2017 14:13:10 UTC] PHP Notice:  Undefined index: sp-cdm-community-upload in /var/www/vhosts/people1stintranet.co.uk/httpdocs/wp-content/plugins/sp-client-document-manager/shortcode.php on line 579
[21-Jul-2017 14:13:10 UTC] PHP Notice:  Undefined variable: html in /var/www/vhosts/people1stintranet.co.uk/httpdocs/wp-content/plugins/sp-client-document-manager/shortcode.php on line 800
[21-Jul-2017 14:40:58 UTC] PHP Notice:  Undefined variable: upgrade_count in /var/www/vhosts/people1stintranet.co.uk/httpdocs/wp-content/plugins/sp-client-document-manager/classes/install.php on line 97
[21-Jul-2017 14:40:58 UTC] PHP Notice:  Undefined index: database_upgrade in /var/www/vhosts/people1stintranet.co.uk/httpdocs/wp-content/plugins/sp-client-document-manager/classes/install.php on line 118
[21-Jul-2017 14:40:58 UTC] PHP Notice:  Undefined variable: updated in /var/www/vhosts/people1stintranet.co.uk/httpdocs/wp-content/plugins/sp-client-document-manager/classes/install.php on line 126
[21-Jul-2017 14:40:58 UTC] PHP Notice:  Undefined variable: upgrade_count in /var/www/vhosts/people1stintranet.co.uk/httpdocs/wp-content/plugins/sp-client-document-manager/classes/install.php on line 97
[21-Jul-2017 14:40:58 UTC] PHP Notice:  Undefined index: database_upgrade in /var/www/vhosts/people1stintranet.co.uk/httpdocs/wp-content/plugins/sp-client-document-manager/classes/install.php on line 118
[21-Jul-2017 14:40:58 UTC] PHP Notice:  Undefined variable: updated in /var/www/vhosts/people1stintranet.co.uk/httpdocs/wp-content/plugins/sp-client-document-manager/classes/install.php on line 126
[21-Jul-2017 15:10:58 UTC] PHP Notice:  Undefined variable: upgrade_count in /var/www/vhosts/people1stintranet.co.uk/httpdocs/wp-content/plugins/sp-client-document-manager/classes/install.php on line 97
[21-Jul-2017 15:10:58 UTC] PHP Notice:  Undefined index: database_upgrade in /var/www/vhosts/people1stintranet.co.uk/httpdocs/wp-content/plugins/sp-client-document-manager/classes/install.php on line 118
[21-Jul-2017 15:10:58 UTC] PHP Notice:  Undefined variable: updated in /var/www/vhosts/people1stintranet.co.uk/httpdocs/wp-content/plugins/sp-client-document-manager/classes/install.php on line 126
[21-Jul-2017 15:10:58 UTC] PHP Notice:  Undefined variable: upgrade_count in /var/www/vhosts/people1stintranet.co.uk/httpdocs/wp-content/plugins/sp-client-document-manager/classes/install.php on line 97
[21-Jul-2017 15:10:58 UTC] PHP Notice:  Undefined index: database_upgrade in /var/www/vhosts/people1stintranet.co.uk/httpdocs/wp-content/plugins/sp-client-document-manager/classes/install.php on line 118
[21-Jul-2017 15:10:58 UTC] PHP Notice:  Undefined variable: updated in /var/www/vhosts/people1stintranet.co.uk/httpdocs/wp-content/plugins/sp-client-document-manager/classes/install.php on line 126
[21-Jul-2017 23:00:05 UTC] PHP Notice:  Undefined variable: upgrade_count in /var/www/vhosts/people1stintranet.co.uk/httpdocs/wp-content/plugins/sp-client-document-manager/classes/install.php on line 97
[21-Jul-2017 23:00:05 UTC] PHP Notice:  Undefined index: database_upgrade in /var/www/vhosts/people1stintranet.co.uk/httpdocs/wp-content/plugins/sp-client-document-manager/classes/install.php on line 118
[21-Jul-2017 23:00:05 UTC] PHP Notice:  Undefined variable: updated in /var/www/vhosts/people1stintranet.co.uk/httpdocs/wp-content/plugins/sp-client-document-manager/classes/install.php on line 126
[22-Jul-2017 23:00:06 UTC] PHP Notice:  Undefined variable: upgrade_count in /var/www/vhosts/people1stintranet.co.uk/httpdocs/wp-content/plugins/sp-client-document-manager/classes/install.php on line 97
[22-Jul-2017 23:00:06 UTC] PHP Notice:  Undefined index: database_upgrade in /var/www/vhosts/people1stintranet.co.uk/httpdocs/wp-content/plugins/sp-client-document-manager/classes/install.php on line 118
[22-Jul-2017 23:00:06 UTC] PHP Notice:  Undefined variable: updated in /var/www/vhosts/people1stintranet.co.uk/httpdocs/wp-content/plugins/sp-client-document-manager/classes/install.php on line 126
[23-Jul-2017 23:00:06 UTC] PHP Notice:  Undefined variable: upgrade_count in /var/www/vhosts/people1stintranet.co.uk/httpdocs/wp-content/plugins/sp-client-document-manager/classes/install.php on line 97
[23-Jul-2017 23:00:06 UTC] PHP Notice:  Undefined index: database_upgrade in /var/www/vhosts/people1stintranet.co.uk/httpdocs/wp-content/plugins/sp-client-document-manager/classes/install.php on line 118
[23-Jul-2017 23:00:06 UTC] PHP Notice:  Undefined variable: updated in /var/www/vhosts/people1stintranet.co.uk/httpdocs/wp-content/plugins/sp-client-document-manager/classes/install.php on line 126
[24-Jul-2017 08:19:33 UTC] PHP Notice:  Undefined variable: upgrade_count in /var/www/vhosts/people1stintranet.co.uk/httpdocs/wp-content/plugins/sp-client-document-manager/classes/install.php on line 97
[24-Jul-2017 08:19:33 UTC] PHP Notice:  Undefined index: database_upgrade in /var/www/vhosts/people1stintranet.co.uk/httpdocs/wp-content/plugins/sp-client-document-manager/classes/install.php on line 118
[24-Jul-2017 08:19:33 UTC] PHP Notice:  Undefined variable: updated in /var/www/vhosts/people1stintranet.co.uk/httpdocs/wp-content/plugins/sp-client-document-manager/classes/install.php on line 126
[24-Jul-2017 08:19:34 UTC] PHP Notice:  Undefined variable: upgrade_count in /var/www/vhosts/people1stintranet.co.uk/httpdocs/wp-content/plugins/sp-client-document-manager/classes/install.php on line 97
[24-Jul-2017 08:19:34 UTC] PHP Notice:  Undefined index: database_upgrade in /var/www/vhosts/people1stintranet.co.uk/httpdocs/wp-content/plugins/sp-client-document-manager/classes/install.php on line 118
[24-Jul-2017 08:19:34 UTC] PHP Notice:  Undefined variable: updated in /var/www/vhosts/people1stintranet.co.uk/httpdocs/wp-content/plugins/sp-client-document-manager/classes/install.php on line 126
[24-Jul-2017 08:19:35 UTC] PHP Notice:  Undefined variable: upgrade_count in /var/www/vhosts/people1stintranet.co.uk/httpdocs/wp-content/plugins/sp-client-document-manager/classes/install.php on line 97
[24-Jul-2017 08:19:35 UTC] PHP Notice:  Undefined index: database_upgrade in /var/www/vhosts/people1stintranet.co.uk/httpdocs/wp-content/plugins/sp-client-document-manager/classes/install.php on line 118
[24-Jul-2017 08:19:35 UTC] PHP Notice:  Undefined variable: updated in /var/www/vhosts/people1stintranet.co.uk/httpdocs/wp-content/plugins/sp-client-document-manager/classes/install.php on line 126
[24-Jul-2017 08:19:36 UTC] PHP Notice:  Undefined variable: upgrade_count in /var/www/vhosts/people1stintranet.co.uk/httpdocs/wp-content/plugins/sp-client-document-manager/classes/install.php on line 97
[24-Jul-2017 08:19:36 UTC] PHP Notice:  Undefined index: database_upgrade in /var/www/vhosts/people1stintranet.co.uk/httpdocs/wp-content/plugins/sp-client-document-manager/classes/install.php on line 118
[24-Jul-2017 08:19:36 UTC] PHP Notice:  Undefined variable: updated in /var/www/vhosts/people1stintranet.co.uk/httpdocs/wp-content/plugins/sp-client-document-manager/classes/install.php on line 126
[24-Jul-2017 08:19:45 UTC] PHP Notice:  Undefined variable: upgrade_count in /var/www/vhosts/people1stintranet.co.uk/httpdocs/wp-content/plugins/sp-client-document-manager/classes/install.php on line 97
[24-Jul-2017 08:19:45 UTC] PHP Notice:  Undefined index: database_upgrade in /var/www/vhosts/people1stintranet.co.uk/httpdocs/wp-content/plugins/sp-client-document-manager/classes/install.php on line 118
[24-Jul-2017 08:19:45 UTC] PHP Notice:  Undefined variable: updated in /var/www/vhosts/people1stintranet.co.uk/httpdocs/wp-content/plugins/sp-client-document-manager/classes/install.php on line 126
[24-Jul-2017 08:19:46 UTC] PHP Notice:  Undefined variable: upgrade_count in /var/www/vhosts/people1stintranet.co.uk/httpdocs/wp-content/plugins/sp-client-document-manager/classes/install.php on line 97
[24-Jul-2017 08:19:46 UTC] PHP Notice:  Undefined index: database_upgrade in /var/www/vhosts/people1stintranet.co.uk/httpdocs/wp-content/plugins/sp-client-document-manager/classes/install.php on line 118
[24-Jul-2017 08:19:46 UTC] PHP Notice:  Undefined variable: updated in /var/www/vhosts/people1stintranet.co.uk/httpdocs/wp-content/plugins/sp-client-document-manager/classes/install.php on line 126
[24-Jul-2017 08:19:47 UTC] PHP Notice:  Undefined variable: html in /var/www/vhosts/people1stintranet.co.uk/httpdocs/wp-content/plugins/sp-client-document-manager/classes/uploader.php on line 113
[24-Jul-2017 08:19:47 UTC] PHP Notice:  Undefined index: page in /var/www/vhosts/people1stintranet.co.uk/httpdocs/wp-content/plugins/sp-client-document-manager/shortcode.php on line 565
[24-Jul-2017 08:19:47 UTC] PHP Notice:  Undefined index: dlg-delete-file in /var/www/vhosts/people1stintranet.co.uk/httpdocs/wp-content/plugins/sp-client-document-manager/shortcode.php on line 569
[24-Jul-2017 08:19:47 UTC] PHP Notice:  Undefined index: sp-cdm-community-upload in /var/www/vhosts/people1stintranet.co.uk/httpdocs/wp-content/plugins/sp-client-document-manager/shortcode.php on line 579
[24-Jul-2017 08:19:47 UTC] PHP Notice:  Undefined variable: html in /var/www/vhosts/people1stintranet.co.uk/httpdocs/wp-content/plugins/sp-client-document-manager/shortcode.php on line 800
[24-Jul-2017 08:21:23 UTC] PHP Notice:  Undefined variable: upgrade_count in /var/www/vhosts/people1stintranet.co.uk/httpdocs/wp-content/plugins/sp-client-document-manager/classes/install.php on line 97
[24-Jul-2017 08:21:23 UTC] PHP Notice:  Undefined index: database_upgrade in /var/www/vhosts/people1stintranet.co.uk/httpdocs/wp-content/plugins/sp-client-document-manager/classes/install.php on line 118
[24-Jul-2017 08:21:23 UTC] PHP Notice:  Undefined variable: updated in /var/www/vhosts/people1stintranet.co.uk/httpdocs/wp-content/plugins/sp-client-document-manager/classes/install.php on line 126
[24-Jul-2017 08:21:24 UTC] PHP Notice:  Undefined variable: upgrade_count in /var/www/vhosts/people1stintranet.co.uk/httpdocs/wp-content/plugins/sp-client-document-manager/classes/install.php on line 97
[24-Jul-2017 08:21:24 UTC] PHP Notice:  Undefined index: database_upgrade in /var/www/vhosts/people1stintranet.co.uk/httpdocs/wp-content/plugins/sp-client-document-manager/classes/install.php on line 118
[24-Jul-2017 08:21:24 UTC] PHP Notice:  Undefined variable: updated in /var/www/vhosts/people1stintranet.co.uk/httpdocs/wp-content/plugins/sp-client-document-manager/classes/install.php on line 126
[24-Jul-2017 08:22:34 UTC] PHP Notice:  Undefined variable: upgrade_count in /var/www/vhosts/people1stintranet.co.uk/httpdocs/wp-content/plugins/sp-client-document-manager/classes/install.php on line 97
[24-Jul-2017 08:22:34 UTC] PHP Notice:  Undefined index: database_upgrade in /var/www/vhosts/people1stintranet.co.uk/httpdocs/wp-content/plugins/sp-client-document-manager/classes/install.php on line 118
[24-Jul-2017 08:22:34 UTC] PHP Notice:  Undefined variable: updated in /var/www/vhosts/people1stintranet.co.uk/httpdocs/wp-content/plugins/sp-client-document-manager/classes/install.php on line 126
[24-Jul-2017 08:22:41 UTC] PHP Notice:  Undefined variable: upgrade_count in /var/www/vhosts/people1stintranet.co.uk/httpdocs/wp-content/plugins/sp-client-document-manager/classes/install.php on line 97
[24-Jul-2017 08:22:41 UTC] PHP Notice:  Undefined index: database_upgrade in /var/www/vhosts/people1stintranet.co.uk/httpdocs/wp-content/plugins/sp-client-document-manager/classes/install.php on line 118
[24-Jul-2017 08:22:41 UTC] PHP Notice:  Undefined variable: updated in /var/www/vhosts/people1stintranet.co.uk/httpdocs/wp-content/plugins/sp-client-document-manager/classes/install.php on line 126
[24-Jul-2017 08:22:42 UTC] PHP Notice:  Undefined variable: upgrade_count in /var/www/vhosts/people1stintranet.co.uk/httpdocs/wp-content/plugins/sp-client-document-manager/classes/install.php on line 97
[24-Jul-2017 08:22:42 UTC] PHP Notice:  Undefined index: database_upgrade in /var/www/vhosts/people1stintranet.co.uk/httpdocs/wp-content/plugins/sp-client-document-manager/classes/install.php on line 118
[24-Jul-2017 08:22:42 UTC] PHP Notice:  Undefined variable: updated in /var/www/vhosts/people1stintranet.co.uk/httpdocs/wp-content/plugins/sp-client-document-manager/classes/install.php on line 126
[24-Jul-2017 08:22:42 UTC] PHP Notice:  Undefined variable: upgrade_count in /var/www/vhosts/people1stintranet.co.uk/httpdocs/wp-content/plugins/sp-client-document-manager/classes/install.php on line 97
[24-Jul-2017 08:22:42 UTC] PHP Notice:  Undefined index: database_upgrade in /var/www/vhosts/people1stintranet.co.uk/httpdocs/wp-content/plugins/sp-client-document-manager/classes/install.php on line 118
[24-Jul-2017 08:22:42 UTC] PHP Notice:  Undefined variable: updated in /var/www/vhosts/people1stintranet.co.uk/httpdocs/wp-content/plugins/sp-client-document-manager/classes/install.php on line 126
[24-Jul-2017 08:22:43 UTC] PHP Notice:  Undefined variable: upgrade_count in /var/www/vhosts/people1stintranet.co.uk/httpdocs/wp-content/plugins/sp-client-document-manager/classes/install.php on line 97
[24-Jul-2017 08:22:43 UTC] PHP Notice:  Undefined index: database_upgrade in /var/www/vhosts/people1stintranet.co.uk/httpdocs/wp-content/plugins/sp-client-document-manager/classes/install.php on line 118
[24-Jul-2017 08:22:43 UTC] PHP Notice:  Undefined variable: updated in /var/www/vhosts/people1stintranet.co.uk/httpdocs/wp-content/plugins/sp-client-document-manager/classes/install.php on line 126
[24-Jul-2017 08:22:43 UTC] PHP Notice:  Undefined variable: upgrade_count in /var/www/vhosts/people1stintranet.co.uk/httpdocs/wp-content/plugins/sp-client-document-manager/classes/install.php on line 97
[24-Jul-2017 08:22:43 UTC] PHP Notice:  Undefined index: database_upgrade in /var/www/vhosts/people1stintranet.co.uk/httpdocs/wp-content/plugins/sp-client-document-manager/classes/install.php on line 118
[24-Jul-2017 08:22:43 UTC] PHP Notice:  Undefined variable: updated in /var/www/vhosts/people1stintranet.co.uk/httpdocs/wp-content/plugins/sp-client-document-manager/classes/install.php on line 126
[24-Jul-2017 08:22:44 UTC] PHP Notice:  Undefined variable: upgrade_count in /var/www/vhosts/people1stintranet.co.uk/httpdocs/wp-content/plugins/sp-client-document-manager/classes/install.php on line 97
[24-Jul-2017 08:22:44 UTC] PHP Notice:  Undefined index: database_upgrade in /var/www/vhosts/people1stintranet.co.uk/httpdocs/wp-content/plugins/sp-client-document-manager/classes/install.php on line 118
[24-Jul-2017 08:22:44 UTC] PHP Notice:  Undefined variable: updated in /var/www/vhosts/people1stintranet.co.uk/httpdocs/wp-content/plugins/sp-client-document-manager/classes/install.php on line 126
[24-Jul-2017 08:22:44 UTC] PHP Notice:  Undefined variable: upgrade_count in /var/www/vhosts/people1stintranet.co.uk/httpdocs/wp-content/plugins/sp-client-document-manager/classes/install.php on line 97
[24-Jul-2017 08:22:44 UTC] PHP Notice:  Undefined index: database_upgrade in /var/www/vhosts/people1stintranet.co.uk/httpdocs/wp-content/plugins/sp-client-document-manager/classes/install.php on line 118
[24-Jul-2017 08:22:44 UTC] PHP Notice:  Undefined variable: updated in /var/www/vhosts/people1stintranet.co.uk/httpdocs/wp-content/plugins/sp-client-document-manager/classes/install.php on line 126
[24-Jul-2017 08:22:45 UTC] PHP Notice:  Undefined variable: upgrade_count in /var/www/vhosts/people1stintranet.co.uk/httpdocs/wp-content/plugins/sp-client-document-manager/classes/install.php on line 97
[24-Jul-2017 08:22:45 UTC] PHP Notice:  Undefined index: database_upgrade in /var/www/vhosts/people1stintranet.co.uk/httpdocs/wp-content/plugins/sp-client-document-manager/classes/install.php on line 118
[24-Jul-2017 08:22:45 UTC] PHP Notice:  Undefined variable: updated in /var/www/vhosts/people1stintranet.co.uk/httpdocs/wp-content/plugins/sp-client-document-manager/classes/install.php on line 126
[24-Jul-2017 08:22:45 UTC] PHP Notice:  Undefined variable: upgrade_count in /var/www/vhosts/people1stintranet.co.uk/httpdocs/wp-content/plugins/sp-client-document-manager/classes/install.php on line 97
[24-Jul-2017 08:22:45 UTC] PHP Notice:  Undefined index: database_upgrade in /var/www/vhosts/people1stintranet.co.uk/httpdocs/wp-content/plugins/sp-client-document-manager/classes/install.php on line 118
[24-Jul-2017 08:22:45 UTC] PHP Notice:  Undefined variable: updated in /var/www/vhosts/people1stintranet.co.uk/httpdocs/wp-content/plugins/sp-client-document-manager/classes/install.php on line 126
[24-Jul-2017 08:22:45 UTC] PHP Notice:  Undefined variable: upgrade_count in /var/www/vhosts/people1stintranet.co.uk/httpdocs/wp-content/plugins/sp-client-document-manager/classes/install.php on line 97
[24-Jul-2017 08:22:45 UTC] PHP Notice:  Undefined index: database_upgrade in /var/www/vhosts/people1stintranet.co.uk/httpdocs/wp-content/plugins/sp-client-document-manager/classes/install.php on line 118
[24-Jul-2017 08:22:45 UTC] PHP Notice:  Undefined variable: updated in /var/www/vhosts/people1stintranet.co.uk/httpdocs/wp-content/plugins/sp-client-document-manager/classes/install.php on line 126
[24-Jul-2017 08:23:06 UTC] PHP Notice:  Undefined variable: upgrade_count in /var/www/vhosts/people1stintranet.co.uk/httpdocs/wp-content/plugins/sp-client-document-manager/classes/install.php on line 97
[24-Jul-2017 08:23:06 UTC] PHP Notice:  Undefined index: database_upgrade in /var/www/vhosts/people1stintranet.co.uk/httpdocs/wp-content/plugins/sp-client-document-manager/classes/install.php on line 118
[24-Jul-2017 08:23:06 UTC] PHP Notice:  Undefined variable: updated in /var/www/vhosts/people1stintranet.co.uk/httpdocs/wp-content/plugins/sp-client-document-manager/classes/install.php on line 126
[24-Jul-2017 08:23:07 UTC] PHP Notice:  Undefined variable: upgrade_count in /var/www/vhosts/people1stintranet.co.uk/httpdocs/wp-content/plugins/sp-client-document-manager/classes/install.php on line 97
[24-Jul-2017 08:23:07 UTC] PHP Notice:  Undefined index: database_upgrade in /var/www/vhosts/people1stintranet.co.uk/httpdocs/wp-content/plugins/sp-client-document-manager/classes/install.php on line 118
[24-Jul-2017 08:23:07 UTC] PHP Notice:  Undefined variable: updated in /var/www/vhosts/people1stintranet.co.uk/httpdocs/wp-content/plugins/sp-client-document-manager/classes/install.php on line 126
[24-Jul-2017 08:23:08 UTC] PHP Notice:  Undefined variable: upgrade_count in /var/www/vhosts/people1stintranet.co.uk/httpdocs/wp-content/plugins/sp-client-document-manager/classes/install.php on line 97
[24-Jul-2017 08:23:08 UTC] PHP Notice:  Undefined index: database_upgrade in /var/www/vhosts/people1stintranet.co.uk/httpdocs/wp-content/plugins/sp-client-document-manager/classes/install.php on line 118
[24-Jul-2017 08:23:08 UTC] PHP Notice:  Undefined variable: updated in /var/www/vhosts/people1stintranet.co.uk/httpdocs/wp-content/plugins/sp-client-document-manager/classes/install.php on line 126
[24-Jul-2017 08:23:08 UTC] PHP Notice:  Undefined variable: html in /var/www/vhosts/people1stintranet.co.uk/httpdocs/wp-content/plugins/sp-client-document-manager/classes/uploader.php on line 113
[24-Jul-2017 08:23:08 UTC] PHP Notice:  Undefined index: page in /var/www/vhosts/people1stintranet.co.uk/httpdocs/wp-content/plugins/sp-client-document-manager/shortcode.php on line 565
[24-Jul-2017 08:23:08 UTC] PHP Notice:  Undefined index: dlg-delete-file in /var/www/vhosts/people1stintranet.co.uk/httpdocs/wp-content/plugins/sp-client-document-manager/shortcode.php on line 569
[24-Jul-2017 08:23:08 UTC] PHP Notice:  Undefined index: sp-cdm-community-upload in /var/www/vhosts/people1stintranet.co.uk/httpdocs/wp-content/plugins/sp-client-document-manager/shortcode.php on line 579
[24-Jul-2017 08:23:08 UTC] PHP Notice:  Undefined variable: html in /var/www/vhosts/people1stintranet.co.uk/httpdocs/wp-content/plugins/sp-client-document-manager/shortcode.php on line 800
